<?xml version="1.0" encoding="UTF-8"?>
<testng-results ignored="0" total="2" passed="2" failed="0" skipped="0">
  <reporter-output>
  </reporter-output>
  <suite started-at="2023-04-05T09:59:43 IST" name="Suite" finished-at="2023-04-05T09:59:47 IST" duration-ms="4127">
    <groups>
    </groups>
    <test started-at="2023-04-05T09:59:43 IST" name="Test1" finished-at="2023-04-05T09:59:47 IST" duration-ms="3606">
      <class name="com.paralleTest.Tesla">
        <test-method signature="lauchBrowser()[pri:0, instance:com.paralleTest.Tesla@7db12bb6]" started-at="2023-04-05T09:59:43 IST" name="lauchBrowser" finished-at="2023-04-05T09:59:47 IST" duration-ms="3566" status="PASS">
          <reporter-output>
          </reporter-output>
        </test-method> <!-- lauchBrowser -->
      </class> <!-- com.paralleTest.Tesla -->
    </test> <!-- Test1 -->
    <test started-at="2023-04-05T09:59:43 IST" name="Test2" finished-at="2023-04-05T09:59:47 IST" duration-ms="4127">
      <class name="com.paralleTest.Qburst">
        <test-method signature="lauchBrowser()[pri:0, instance:com.paralleTest.Qburst@793f29ff]" started-at="2023-04-05T09:59:43 IST" name="lauchBrowser" finished-at="2023-04-05T09:59:47 IST" duration-ms="4106" status="PASS">
          <reporter-output>
          </reporter-output>
        </test-method> <!-- lauchBrowser -->
      </class> <!-- com.paralleTest.Qburst -->
    </test> <!-- Test2 -->
  </suite> <!-- Suite -->
</testng-results>
